<?xml version="1.0" encoding="UTF-8"?>
<!-- Generated by org.testng.reporters.JUnitReportReporter -->
<testsuite hostname="TYSS-Pavan-Kumar-M" failures="0" tests="1" name="com.TestNG.To_Launch_LVMH" time="4.170" errors="0" timestamp="2024-03-20T11:15:27 IST" skipped="0">
  <testcase classname="com.TestNG.To_Launch_LVMH" name="launch" time="4.170"/>
  <system-out/>
</testsuite> <!-- com.TestNG.To_Launch_LVMH -->
