<?xml version="1.0" encoding="UTF-8"?>
<!-- Generated by org.testng.reporters.JUnitReportReporter -->
<testsuite hostname="TYSS-Pavan-Kumar-M" failures="0" tests="3" name="com.TestNG.WorkingWithDataProvider" time="12.154" errors="0" timestamp="2024-03-22T12:34:10 IST" skipped="0">
  <testcase classname="com.TestNG.WorkingWithDataProvider" name="login" time="4.363"/>
  <system-out/>
  <testcase classname="com.TestNG.WorkingWithDataProvider" name="login" time="3.531"/>
  <system-out/>
  <testcase classname="com.TestNG.WorkingWithDataProvider" name="login" time="4.260"/>
  <system-out/>
</testsuite> <!-- com.TestNG.WorkingWithDataProvider -->
