<?xml version="1.0" encoding="UTF-8"?>
<!-- Generated by org.testng.reporters.JUnitReportReporter -->
<testsuite hostname="TYSS-Pavan-Kumar-M" failures="0" tests="9" name="com.TestNG.WorkingWithTestNG" time="0.014" errors="0" timestamp="2024-03-20T11:01:43 IST" skipped="0">
  <testcase classname="com.TestNG.WorkingWithTestNG" name="cart" time="0.000"/>
  <system-out>
    <![CDATA[Add to cart...]]>
  </system-out>
  <testcase classname="com.TestNG.WorkingWithTestNG" name="order" time="0.002"/>
  <system-out>
    <![CDATA[Add to cart...]]>
  </system-out>
  <testcase classname="com.TestNG.WorkingWithTestNG" name="order" time="0.002"/>
  <system-out>
    <![CDATA[Add to cart...]]>
  </system-out>
  <testcase classname="com.TestNG.WorkingWithTestNG" name="wishList" time="0.001"/>
  <system-out>
    <![CDATA[Add to cart...]]>
  </system-out>
  <testcase classname="com.TestNG.WorkingWithTestNG" name="order" time="0.001"/>
  <system-out>
    <![CDATA[Add to cart...]]>
  </system-out>
  <testcase classname="com.TestNG.WorkingWithTestNG" name="cart" time="0.006"/>
  <system-out>
    <![CDATA[Add to cart...]]>
  </system-out>
  <testcase classname="com.TestNG.WorkingWithTestNG" name="cart" time="0.000"/>
  <system-out>
    <![CDATA[Add to cart...]]>
  </system-out>
  <testcase classname="com.TestNG.WorkingWithTestNG" name="login" time="0.001"/>
  <system-out>
    <![CDATA[Hello TestNG]]>
  </system-out>
  <testcase classname="com.TestNG.WorkingWithTestNG" name="search" time="0.001"/>
  <system-out>
    <![CDATA[Hello TestNG]]>
  </system-out>
</testsuite> <!-- com.TestNG.WorkingWithTestNG -->
