<?xml version="1.0" encoding="UTF-8"?>
<!-- Generated by org.testng.reporters.JUnitReportReporter -->
<testsuite hostname="TYSS-Pavan-Kumar-M" failures="0" tests="1" name="com.TestNG.CrossBrowserTesting" time="11.842" errors="0" timestamp="2024-03-21T10:45:18 IST" skipped="0">
  <testcase classname="com.TestNG.CrossBrowserTesting" name="launch" time="11.842"/>
  <system-out/>
</testsuite> <!-- com.TestNG.CrossBrowserTesting -->
