<?xml version="1.0" encoding="UTF-8"?>
<!-- Generated by org.testng.reporters.JUnitReportReporter -->
<testsuite hostname="TYSS-Pavan-Kumar-M" failures="0" tests="3" name="com.TestNG.To_Launch_AmazonPrime" time="27.690" errors="0" timestamp="2024-03-20T10:24:31 IST" skipped="0">
  <testcase classname="com.TestNG.To_Launch_AmazonPrime" name="launch" time="9.025"/>
  <system-out/>
  <testcase classname="com.TestNG.To_Launch_AmazonPrime" name="launch" time="9.025"/>
  <system-out/>
  <testcase classname="com.TestNG.To_Launch_AmazonPrime" name="launch" time="9.640"/>
  <system-out/>
</testsuite> <!-- com.TestNG.To_Launch_AmazonPrime -->
