<?xml version="1.0" encoding="UTF-8"?>
<!-- Generated by org.testng.reporters.JUnitReportReporter -->
<testsuite hostname="TYSS-Pavan-Kumar-M" failures="0" tests="1" name="com.TestNG.To_Launch_LorealParis" time="4.634" errors="0" timestamp="2024-03-20T11:01:43 IST" skipped="0">
  <testcase classname="com.TestNG.To_Launch_LorealParis" name="launch" time="4.634"/>
  <system-out/>
</testsuite> <!-- com.TestNG.To_Launch_LorealParis -->
