<?xml version="1.0" encoding="UTF-8"?>
<!-- Generated by org.testng.reporters.JUnitReportReporter -->
<testsuite hostname="TYSS-Pavan-Kumar-M" failures="0" tests="1" name="com.DemoWebShop.TestNG.TC_DemoWebShop_001" time="12.256" errors="0" timestamp="2024-03-25T16:52:48 IST" skipped="0">
  <testcase classname="com.DemoWebShop.TestNG.TC_DemoWebShop_001" name="searchForBooks" time="12.256"/>
  <system-out/>
</testsuite> <!-- com.DemoWebShop.TestNG.TC_DemoWebShop_001 -->
