<?xml version="1.0" encoding="UTF-8"?>
<!-- Generated by org.testng.reporters.JUnitReportReporter -->
<testsuite hostname="TYSS-Pavan-Kumar-M" failures="0" tests="1" name="com.Via.com_TestNG.VC001_Search_For_Flights" time="0.005" errors="0" timestamp="2024-03-28T12:33:41 IST" skipped="0">
  <testcase classname="com.Via.com_TestNG.VC001_Search_For_Flights" name="run" time="0.005"/>
  <system-out/>
</testsuite> <!-- com.Via.com_TestNG.VC001_Search_For_Flights -->
